<?xml version="1.0" encoding="UTF-8"?>
<robot generator="Robot 6.1.1 (Python 3.10.12 on linux)" generated="20231120 19:12:54.828" rpa="false" schemaversion="4">
<suite id="s1" name="Tests" source="/home/savoness/palautus/viikko3/web-login/src/tests">
<suite id="s1-s1" name="Home" source="/home/savoness/palautus/viikko3/web-login/src/tests/home.robot">
<kw name="Open And Configure Browser" library="resource" type="SETUP">
<kw name="Evaluate" library="BuiltIn">
<var>${options}</var>
<arg>sys.modules['selenium.webdriver'].ChromeOptions()</arg>
<arg>sys</arg>
<doc>Evaluates the given expression in Python and returns the result.</doc>
<msg timestamp="20231120 19:12:54.930" level="INFO">${options} = &lt;selenium.webdriver.chrome.options.Options object at 0x7f107de9bd60&gt;</msg>
<status status="PASS" starttime="20231120 19:12:54.929" endtime="20231120 19:12:54.930"/>
</kw>
<kw name="Call Method" library="BuiltIn">
<arg>${options}</arg>
<arg>add_argument</arg>
<arg>--no-sandbox</arg>
<doc>Calls the named method of the given object with the provided arguments.</doc>
<status status="PASS" starttime="20231120 19:12:54.930" endtime="20231120 19:12:54.930"/>
</kw>
<kw name="Open Browser" library="SeleniumLibrary">
<arg>browser=chrome</arg>
<arg>options=${options}</arg>
<doc>Opens a new browser instance to the optional ``url``.</doc>
<msg timestamp="20231120 19:12:54.930" level="INFO">Opening browser 'chrome' to base url 'None'.</msg>
<status status="PASS" starttime="20231120 19:12:54.930" endtime="20231120 19:12:55.796"/>
</kw>
<kw name="Set Selenium Speed" library="SeleniumLibrary">
<arg>${DELAY}</arg>
<doc>Sets the delay that is waited after each Selenium command.</doc>
<status status="PASS" starttime="20231120 19:12:55.796" endtime="20231120 19:12:55.797"/>
</kw>
<status status="PASS" starttime="20231120 19:12:54.929" endtime="20231120 19:12:55.797"/>
</kw>
<test id="s1-s1-t1" name="Click Login Link" line="8">
<kw name="Go To Starting Page" library="resource" type="SETUP">
<kw name="Go To" library="SeleniumLibrary">
<arg>${HOME_URL}</arg>
<doc>Navigates the current browser window to the provided ``url``.</doc>
<msg timestamp="20231120 19:12:55.798" level="INFO">Opening url 'http://localhost:5001'</msg>
<status status="PASS" starttime="20231120 19:12:55.798" endtime="20231120 19:12:56.370"/>
</kw>
<status status="PASS" starttime="20231120 19:12:55.797" endtime="20231120 19:12:56.370"/>
</kw>
<kw name="Click Link" library="SeleniumLibrary">
<arg>Login</arg>
<doc>Clicks a link identified by ``locator``.</doc>
<msg timestamp="20231120 19:12:56.371" level="INFO">Clicking link 'Login'.</msg>
<status status="PASS" starttime="20231120 19:12:56.370" endtime="20231120 19:12:57.958"/>
</kw>
<kw name="Login Page Should Be Open" library="resource">
<kw name="Title Should Be" library="SeleniumLibrary">
<arg>Login</arg>
<doc>Verifies that the current page title equals ``title``.</doc>
<msg timestamp="20231120 19:12:58.468" level="INFO">Page title is 'Login'.</msg>
<status status="PASS" starttime="20231120 19:12:57.959" endtime="20231120 19:12:58.469"/>
</kw>
<status status="PASS" starttime="20231120 19:12:57.959" endtime="20231120 19:12:58.469"/>
</kw>
<status status="PASS" starttime="20231120 19:12:55.797" endtime="20231120 19:12:58.469"/>
</test>
<test id="s1-s1-t2" name="Click Register Link" line="12">
<kw name="Go To Starting Page" library="resource" type="SETUP">
<kw name="Go To" library="SeleniumLibrary">
<arg>${HOME_URL}</arg>
<doc>Navigates the current browser window to the provided ``url``.</doc>
<msg timestamp="20231120 19:12:58.471" level="INFO">Opening url 'http://localhost:5001'</msg>
<status status="PASS" starttime="20231120 19:12:58.471" endtime="20231120 19:12:58.996"/>
</kw>
<status status="PASS" starttime="20231120 19:12:58.470" endtime="20231120 19:12:58.996"/>
</kw>
<kw name="Click Link" library="SeleniumLibrary">
<arg>Register new user</arg>
<doc>Clicks a link identified by ``locator``.</doc>
<msg timestamp="20231120 19:12:58.997" level="INFO">Clicking link 'Register new user'.</msg>
<status status="PASS" starttime="20231120 19:12:58.996" endtime="20231120 19:13:00.560"/>
</kw>
<kw name="Register Page Should Be Open" library="resource">
<kw name="Go To" library="SeleniumLibrary">
<arg>${REGISTER_URL}</arg>
<doc>Navigates the current browser window to the provided ``url``.</doc>
<msg timestamp="20231120 19:13:00.562" level="INFO">Opening url 'http://localhost:5001/register'</msg>
<status status="PASS" starttime="20231120 19:13:00.561" endtime="20231120 19:13:01.083"/>
</kw>
<status status="PASS" starttime="20231120 19:13:00.561" endtime="20231120 19:13:01.083"/>
</kw>
<status status="PASS" starttime="20231120 19:12:58.470" endtime="20231120 19:13:01.084"/>
</test>
<kw name="Close Browser" library="SeleniumLibrary" type="TEARDOWN">
<doc>Closes the current browser.</doc>
<status status="PASS" starttime="20231120 19:13:01.085" endtime="20231120 19:13:01.645"/>
</kw>
<status status="PASS" starttime="20231120 19:12:54.840" endtime="20231120 19:13:01.645"/>
</suite>
<suite id="s1-s2" name="Login" source="/home/savoness/palautus/viikko3/web-login/src/tests/login.robot">
<kw name="Open And Configure Browser" library="resource" type="SETUP">
<kw name="Evaluate" library="BuiltIn">
<var>${options}</var>
<arg>sys.modules['selenium.webdriver'].ChromeOptions()</arg>
<arg>sys</arg>
<doc>Evaluates the given expression in Python and returns the result.</doc>
<msg timestamp="20231120 19:13:01.652" level="INFO">${options} = &lt;selenium.webdriver.chrome.options.Options object at 0x7f107df1a1d0&gt;</msg>
<status status="PASS" starttime="20231120 19:13:01.652" endtime="20231120 19:13:01.652"/>
</kw>
<kw name="Call Method" library="BuiltIn">
<arg>${options}</arg>
<arg>add_argument</arg>
<arg>--no-sandbox</arg>
<doc>Calls the named method of the given object with the provided arguments.</doc>
<status status="PASS" starttime="20231120 19:13:01.652" endtime="20231120 19:13:01.652"/>
</kw>
<kw name="Open Browser" library="SeleniumLibrary">
<arg>browser=chrome</arg>
<arg>options=${options}</arg>
<doc>Opens a new browser instance to the optional ``url``.</doc>
<msg timestamp="20231120 19:13:01.652" level="INFO">Opening browser 'chrome' to base url 'None'.</msg>
<status status="PASS" starttime="20231120 19:13:01.652" endtime="20231120 19:13:02.515"/>
</kw>
<kw name="Set Selenium Speed" library="SeleniumLibrary">
<arg>${DELAY}</arg>
<doc>Sets the delay that is waited after each Selenium command.</doc>
<status status="PASS" starttime="20231120 19:13:02.515" endtime="20231120 19:13:02.515"/>
</kw>
<status status="PASS" starttime="20231120 19:13:01.651" endtime="20231120 19:13:02.515"/>
</kw>
<test id="s1-s2-t1" name="Login With Correct Credentials" line="8">
<kw name="Create User And Go To Login Page" type="SETUP">
<kw name="Create User" library="AppLibrary">
<arg>kalle</arg>
<arg>kalle123</arg>
<status status="PASS" starttime="20231120 19:13:02.516" endtime="20231120 19:13:02.521"/>
</kw>
<kw name="Go To Login Page" library="resource">
<kw name="Go To" library="SeleniumLibrary">
<arg>${LOGIN_URL}</arg>
<doc>Navigates the current browser window to the provided ``url``.</doc>
<msg timestamp="20231120 19:13:02.522" level="INFO">Opening url 'http://localhost:5001/login'</msg>
<status status="PASS" starttime="20231120 19:13:02.522" endtime="20231120 19:13:03.079"/>
</kw>
<status status="PASS" starttime="20231120 19:13:02.521" endtime="20231120 19:13:03.079"/>
</kw>
<kw name="Login Page Should Be Open" library="resource">
<kw name="Title Should Be" library="SeleniumLibrary">
<arg>Login</arg>
<doc>Verifies that the current page title equals ``title``.</doc>
<msg timestamp="20231120 19:13:03.583" level="INFO">Page title is 'Login'.</msg>
<status status="PASS" starttime="20231120 19:13:03.079" endtime="20231120 19:13:03.584"/>
</kw>
<status status="PASS" starttime="20231120 19:13:03.079" endtime="20231120 19:13:03.584"/>
</kw>
<status status="PASS" starttime="20231120 19:13:02.515" endtime="20231120 19:13:03.584"/>
</kw>
<kw name="Set Username">
<arg>kalle</arg>
<kw name="Input Text" library="SeleniumLibrary">
<arg>username</arg>
<arg>${username}</arg>
<doc>Types the given ``text`` into the text field identified by ``locator``.</doc>
<msg timestamp="20231120 19:13:03.586" level="INFO">Typing text 'kalle' into text field 'username'.</msg>
<status status="PASS" starttime="20231120 19:13:03.585" endtime="20231120 19:13:05.177"/>
</kw>
<status status="PASS" starttime="20231120 19:13:03.584" endtime="20231120 19:13:05.177"/>
</kw>
<kw name="Set Password">
<arg>kalle123</arg>
<kw name="Input Password" library="SeleniumLibrary">
<arg>password</arg>
<arg>${password}</arg>
<doc>Types the given password into the text field identified by ``locator``.</doc>
<msg timestamp="20231120 19:13:05.179" level="INFO">Typing password into text field 'password'.</msg>
<msg timestamp="20231120 19:13:06.225" level="INFO">Temporally setting log level to: NONE</msg>
<msg timestamp="20231120 19:13:06.761" level="INFO">Log level changed from NONE to INFO.</msg>
<status status="PASS" starttime="20231120 19:13:05.178" endtime="20231120 19:13:06.761"/>
</kw>
<status status="PASS" starttime="20231120 19:13:05.178" endtime="20231120 19:13:06.761"/>
</kw>
<kw name="Submit Credentials">
<kw name="Click Button" library="SeleniumLibrary">
<arg>Login</arg>
<doc>Clicks the button identified by ``locator``.</doc>
<msg timestamp="20231120 19:13:06.763" level="INFO">Clicking button 'Login'.</msg>
<status status="PASS" starttime="20231120 19:13:06.762" endtime="20231120 19:13:08.866"/>
</kw>
<status status="PASS" starttime="20231120 19:13:06.761" endtime="20231120 19:13:08.866"/>
</kw>
<kw name="Login Should Succeed">
<kw name="Main Page Should Be Open" library="resource">
<kw name="Title Should Be" library="SeleniumLibrary">
<arg>Ohtu Application main page</arg>
<doc>Verifies that the current page title equals ``title``.</doc>
<msg timestamp="20231120 19:13:09.377" level="INFO">Page title is 'Ohtu Application main page'.</msg>
<status status="PASS" starttime="20231120 19:13:08.867" endtime="20231120 19:13:09.378"/>
</kw>
<status status="PASS" starttime="20231120 19:13:08.867" endtime="20231120 19:13:09.378"/>
</kw>
<status status="PASS" starttime="20231120 19:13:08.866" endtime="20231120 19:13:09.378"/>
</kw>
<status status="PASS" starttime="20231120 19:13:02.515" endtime="20231120 19:13:09.378"/>
</test>
<test id="s1-s2-t2" name="Login With Incorrect Password" line="14">
<kw name="Create User And Go To Login Page" type="SETUP">
<kw name="Create User" library="AppLibrary">
<arg>kalle</arg>
<arg>kalle123</arg>
<status status="PASS" starttime="20231120 19:13:09.380" endtime="20231120 19:13:09.394"/>
</kw>
<kw name="Go To Login Page" library="resource">
<kw name="Go To" library="SeleniumLibrary">
<arg>${LOGIN_URL}</arg>
<doc>Navigates the current browser window to the provided ``url``.</doc>
<msg timestamp="20231120 19:13:09.395" level="INFO">Opening url 'http://localhost:5001/login'</msg>
<status status="PASS" starttime="20231120 19:13:09.394" endtime="20231120 19:13:09.923"/>
</kw>
<status status="PASS" starttime="20231120 19:13:09.394" endtime="20231120 19:13:09.924"/>
</kw>
<kw name="Login Page Should Be Open" library="resource">
<kw name="Title Should Be" library="SeleniumLibrary">
<arg>Login</arg>
<doc>Verifies that the current page title equals ``title``.</doc>
<msg timestamp="20231120 19:13:10.435" level="INFO">Page title is 'Login'.</msg>
<status status="PASS" starttime="20231120 19:13:09.924" endtime="20231120 19:13:10.435"/>
</kw>
<status status="PASS" starttime="20231120 19:13:09.924" endtime="20231120 19:13:10.435"/>
</kw>
<status status="PASS" starttime="20231120 19:13:09.380" endtime="20231120 19:13:10.436"/>
</kw>
<kw name="Set Username">
<arg>kalle</arg>
<kw name="Input Text" library="SeleniumLibrary">
<arg>username</arg>
<arg>${username}</arg>
<doc>Types the given ``text`` into the text field identified by ``locator``.</doc>
<msg timestamp="20231120 19:13:10.437" level="INFO">Typing text 'kalle' into text field 'username'.</msg>
<status status="PASS" starttime="20231120 19:13:10.437" endtime="20231120 19:13:12.020"/>
</kw>
<status status="PASS" starttime="20231120 19:13:10.436" endtime="20231120 19:13:12.020"/>
</kw>
<kw name="Set Password">
<arg>kalle456</arg>
<kw name="Input Password" library="SeleniumLibrary">
<arg>password</arg>
<arg>${password}</arg>
<doc>Types the given password into the text field identified by ``locator``.</doc>
<msg timestamp="20231120 19:13:12.022" level="INFO">Typing password into text field 'password'.</msg>
<msg timestamp="20231120 19:13:13.051" level="INFO">Temporally setting log level to: NONE</msg>
<msg timestamp="20231120 19:13:13.587" level="INFO">Log level changed from NONE to INFO.</msg>
<status status="PASS" starttime="20231120 19:13:12.022" endtime="20231120 19:13:13.587"/>
</kw>
<status status="PASS" starttime="20231120 19:13:12.021" endtime="20231120 19:13:13.588"/>
</kw>
<kw name="Submit Credentials">
<kw name="Click Button" library="SeleniumLibrary">
<arg>Login</arg>
<doc>Clicks the button identified by ``locator``.</doc>
<msg timestamp="20231120 19:13:13.589" level="INFO">Clicking button 'Login'.</msg>
<status status="PASS" starttime="20231120 19:13:13.588" endtime="20231120 19:13:15.661"/>
</kw>
<status status="PASS" starttime="20231120 19:13:13.588" endtime="20231120 19:13:15.662"/>
</kw>
<kw name="Login Should Fail With Message">
<arg>Invalid username or password</arg>
<kw name="Login Page Should Be Open" library="resource">
<kw name="Title Should Be" library="SeleniumLibrary">
<arg>Login</arg>
<doc>Verifies that the current page title equals ``title``.</doc>
<msg timestamp="20231120 19:13:16.171" level="INFO">Page title is 'Login'.</msg>
<status status="PASS" starttime="20231120 19:13:15.663" endtime="20231120 19:13:16.171"/>
</kw>
<status status="PASS" starttime="20231120 19:13:15.662" endtime="20231120 19:13:16.171"/>
</kw>
<kw name="Page Should Contain" library="SeleniumLibrary">
<arg>${message}</arg>
<doc>Verifies that current page contains ``text``.</doc>
<msg timestamp="20231120 19:13:17.200" level="INFO">Current page contains text 'Invalid username or password'.</msg>
<status status="PASS" starttime="20231120 19:13:16.172" endtime="20231120 19:13:17.200"/>
</kw>
<status status="PASS" starttime="20231120 19:13:15.662" endtime="20231120 19:13:17.201"/>
</kw>
<status status="PASS" starttime="20231120 19:13:09.379" endtime="20231120 19:13:17.201"/>
</test>
<test id="s1-s2-t3" name="Login With Nonexistent Username" line="20">
<kw name="Create User And Go To Login Page" type="SETUP">
<kw name="Create User" library="AppLibrary">
<arg>kalle</arg>
<arg>kalle123</arg>
<status status="PASS" starttime="20231120 19:13:17.203" endtime="20231120 19:13:17.216"/>
</kw>
<kw name="Go To Login Page" library="resource">
<kw name="Go To" library="SeleniumLibrary">
<arg>${LOGIN_URL}</arg>
<doc>Navigates the current browser window to the provided ``url``.</doc>
<msg timestamp="20231120 19:13:17.217" level="INFO">Opening url 'http://localhost:5001/login'</msg>
<status status="PASS" starttime="20231120 19:13:17.217" endtime="20231120 19:13:17.741"/>
</kw>
<status status="PASS" starttime="20231120 19:13:17.217" endtime="20231120 19:13:17.742"/>
</kw>
<kw name="Login Page Should Be Open" library="resource">
<kw name="Title Should Be" library="SeleniumLibrary">
<arg>Login</arg>
<doc>Verifies that the current page title equals ``title``.</doc>
<msg timestamp="20231120 19:13:18.251" level="INFO">Page title is 'Login'.</msg>
<status status="PASS" starttime="20231120 19:13:17.742" endtime="20231120 19:13:18.251"/>
</kw>
<status status="PASS" starttime="20231120 19:13:17.742" endtime="20231120 19:13:18.252"/>
</kw>
<status status="PASS" starttime="20231120 19:13:17.202" endtime="20231120 19:13:18.252"/>
</kw>
<kw name="Set Username">
<arg>testi</arg>
<kw name="Input Text" library="SeleniumLibrary">
<arg>username</arg>
<arg>${username}</arg>
<doc>Types the given ``text`` into the text field identified by ``locator``.</doc>
<msg timestamp="20231120 19:13:18.253" level="INFO">Typing text 'testi' into text field 'username'.</msg>
<status status="PASS" starttime="20231120 19:13:18.252" endtime="20231120 19:13:19.839"/>
</kw>
<status status="PASS" starttime="20231120 19:13:18.252" endtime="20231120 19:13:19.839"/>
</kw>
<kw name="Set Password">
<arg>kalle456</arg>
<kw name="Input Password" library="SeleniumLibrary">
<arg>password</arg>
<arg>${password}</arg>
<doc>Types the given password into the text field identified by ``locator``.</doc>
<msg timestamp="20231120 19:13:19.841" level="INFO">Typing password into text field 'password'.</msg>
<msg timestamp="20231120 19:13:20.880" level="INFO">Temporally setting log level to: NONE</msg>
<msg timestamp="20231120 19:13:21.422" level="INFO">Log level changed from NONE to INFO.</msg>
<status status="PASS" starttime="20231120 19:13:19.840" endtime="20231120 19:13:21.422"/>
</kw>
<status status="PASS" starttime="20231120 19:13:19.839" endtime="20231120 19:13:21.422"/>
</kw>
<kw name="Submit Credentials">
<kw name="Click Button" library="SeleniumLibrary">
<arg>Login</arg>
<doc>Clicks the button identified by ``locator``.</doc>
<msg timestamp="20231120 19:13:21.424" level="INFO">Clicking button 'Login'.</msg>
<status status="PASS" starttime="20231120 19:13:21.423" endtime="20231120 19:13:23.509"/>
</kw>
<status status="PASS" starttime="20231120 19:13:21.422" endtime="20231120 19:13:23.509"/>
</kw>
<kw name="Login Should Fail With Message">
<arg>Invalid username or password</arg>
<kw name="Login Page Should Be Open" library="resource">
<kw name="Title Should Be" library="SeleniumLibrary">
<arg>Login</arg>
<doc>Verifies that the current page title equals ``title``.</doc>
<msg timestamp="20231120 19:13:24.020" level="INFO">Page title is 'Login'.</msg>
<status status="PASS" starttime="20231120 19:13:23.510" endtime="20231120 19:13:24.021"/>
</kw>
<status status="PASS" starttime="20231120 19:13:23.510" endtime="20231120 19:13:24.021"/>
</kw>
<kw name="Page Should Contain" library="SeleniumLibrary">
<arg>${message}</arg>
<doc>Verifies that current page contains ``text``.</doc>
<msg timestamp="20231120 19:13:25.044" level="INFO">Current page contains text 'Invalid username or password'.</msg>
<status status="PASS" starttime="20231120 19:13:24.021" endtime="20231120 19:13:25.045"/>
</kw>
<status status="PASS" starttime="20231120 19:13:23.509" endtime="20231120 19:13:25.045"/>
</kw>
<status status="PASS" starttime="20231120 19:13:17.202" endtime="20231120 19:13:25.045"/>
</test>
<kw name="Close Browser" library="SeleniumLibrary" type="TEARDOWN">
<doc>Closes the current browser.</doc>
<status status="PASS" starttime="20231120 19:13:25.047" endtime="20231120 19:13:25.606"/>
</kw>
<status status="PASS" starttime="20231120 19:13:01.647" endtime="20231120 19:13:25.606"/>
</suite>
<status status="PASS" starttime="20231120 19:12:54.829" endtime="20231120 19:13:25.607"/>
</suite>
<statistics>
<total>
<stat pass="5" fail="0" skip="0">All Tests</stat>
</total>
<tag>
</tag>
<suite>
<stat pass="5" fail="0" skip="0" id="s1" name="Tests">Tests</stat>
<stat pass="2" fail="0" skip="0" id="s1-s1" name="Home">Tests.Home</stat>
<stat pass="3" fail="0" skip="0" id="s1-s2" name="Login">Tests.Login</stat>
</suite>
</statistics>
<errors>
</errors>
</robot>
