<?xml version="1.0" encoding="UTF-8"?>
<robot generator="Robot 6.1.1 (Python 3.10.12 on linux)" generated="20231120 15:51:32.152" rpa="false" schemaversion="4">
<suite id="s1" name="Tests" source="/home/savoness/palautus/viikko3/login-robot/src/tests">
<suite id="s1-s1" name="Login" source="/home/savoness/palautus/viikko3/login-robot/src/tests/login.robot">
<test id="s1-s1-t1" name="Login With Correct Credentials" line="6">
<kw name="Create User And Input Login Command" type="SETUP">
<kw name="Create User" library="AppLibrary">
<arg>kalle</arg>
<arg>kalle123</arg>
<status status="PASS" starttime="20231120 15:51:32.167" endtime="20231120 15:51:32.167"/>
</kw>
<kw name="Input Login Command" library="resource">
<kw name="Input" library="AppLibrary">
<arg>login</arg>
<status status="PASS" starttime="20231120 15:51:32.167" endtime="20231120 15:51:32.167"/>
</kw>
<status status="PASS" starttime="20231120 15:51:32.167" endtime="20231120 15:51:32.167"/>
</kw>
<status status="PASS" starttime="20231120 15:51:32.167" endtime="20231120 15:51:32.167"/>
</kw>
<kw name="Input Credentials" library="resource">
<arg>kalle</arg>
<arg>kalle123</arg>
<kw name="Input" library="AppLibrary">
<arg>${username}</arg>
<status status="PASS" starttime="20231120 15:51:32.168" endtime="20231120 15:51:32.168"/>
</kw>
<kw name="Input" library="AppLibrary">
<arg>${password}</arg>
<status status="PASS" starttime="20231120 15:51:32.168" endtime="20231120 15:51:32.168"/>
</kw>
<kw name="Run Application" library="AppLibrary">
<status status="PASS" starttime="20231120 15:51:32.168" endtime="20231120 15:51:32.168"/>
</kw>
<status status="PASS" starttime="20231120 15:51:32.167" endtime="20231120 15:51:32.168"/>
</kw>
<kw name="Output Should Contain" library="AppLibrary">
<arg>Logged in</arg>
<status status="PASS" starttime="20231120 15:51:32.168" endtime="20231120 15:51:32.168"/>
</kw>
<status status="PASS" starttime="20231120 15:51:32.166" endtime="20231120 15:51:32.168"/>
</test>
<test id="s1-s1-t2" name="Login With Incorrect Password" line="10">
<kw name="Create User And Input Login Command" type="SETUP">
<kw name="Create User" library="AppLibrary">
<arg>kalle</arg>
<arg>kalle123</arg>
<status status="PASS" starttime="20231120 15:51:32.169" endtime="20231120 15:51:32.169"/>
</kw>
<kw name="Input Login Command" library="resource">
<kw name="Input" library="AppLibrary">
<arg>login</arg>
<status status="PASS" starttime="20231120 15:51:32.169" endtime="20231120 15:51:32.169"/>
</kw>
<status status="PASS" starttime="20231120 15:51:32.169" endtime="20231120 15:51:32.169"/>
</kw>
<status status="PASS" starttime="20231120 15:51:32.169" endtime="20231120 15:51:32.169"/>
</kw>
<kw name="Input Credentials" library="resource">
<arg>kalle</arg>
<arg>kalle1234</arg>
<kw name="Input" library="AppLibrary">
<arg>${username}</arg>
<status status="PASS" starttime="20231120 15:51:32.169" endtime="20231120 15:51:32.169"/>
</kw>
<kw name="Input" library="AppLibrary">
<arg>${password}</arg>
<status status="PASS" starttime="20231120 15:51:32.169" endtime="20231120 15:51:32.170"/>
</kw>
<kw name="Run Application" library="AppLibrary">
<status status="PASS" starttime="20231120 15:51:32.170" endtime="20231120 15:51:32.170"/>
</kw>
<status status="PASS" starttime="20231120 15:51:32.169" endtime="20231120 15:51:32.170"/>
</kw>
<kw name="Output Should Contain" library="AppLibrary">
<arg>Invalid username or password</arg>
<status status="PASS" starttime="20231120 15:51:32.170" endtime="20231120 15:51:32.170"/>
</kw>
<status status="PASS" starttime="20231120 15:51:32.168" endtime="20231120 15:51:32.170"/>
</test>
<test id="s1-s1-t3" name="Login With Nonexistent Username" line="14">
<kw name="Create User And Input Login Command" type="SETUP">
<kw name="Create User" library="AppLibrary">
<arg>kalle</arg>
<arg>kalle123</arg>
<status status="PASS" starttime="20231120 15:51:32.170" endtime="20231120 15:51:32.170"/>
</kw>
<kw name="Input Login Command" library="resource">
<kw name="Input" library="AppLibrary">
<arg>login</arg>
<status status="PASS" starttime="20231120 15:51:32.171" endtime="20231120 15:51:32.171"/>
</kw>
<status status="PASS" starttime="20231120 15:51:32.170" endtime="20231120 15:51:32.171"/>
</kw>
<status status="PASS" starttime="20231120 15:51:32.170" endtime="20231120 15:51:32.171"/>
</kw>
<kw name="Input Credentials" library="resource">
<arg>kallee</arg>
<arg>kalle123</arg>
<kw name="Input" library="AppLibrary">
<arg>${username}</arg>
<status status="PASS" starttime="20231120 15:51:32.171" endtime="20231120 15:51:32.171"/>
</kw>
<kw name="Input" library="AppLibrary">
<arg>${password}</arg>
<status status="PASS" starttime="20231120 15:51:32.171" endtime="20231120 15:51:32.171"/>
</kw>
<kw name="Run Application" library="AppLibrary">
<status status="PASS" starttime="20231120 15:51:32.171" endtime="20231120 15:51:32.171"/>
</kw>
<status status="PASS" starttime="20231120 15:51:32.171" endtime="20231120 15:51:32.171"/>
</kw>
<kw name="Output Should Contain" library="AppLibrary">
<arg>Invalid username or password</arg>
<status status="PASS" starttime="20231120 15:51:32.171" endtime="20231120 15:51:32.171"/>
</kw>
<status status="PASS" starttime="20231120 15:51:32.170" endtime="20231120 15:51:32.171"/>
</test>
<status status="PASS" starttime="20231120 15:51:32.163" endtime="20231120 15:51:32.172"/>
</suite>
<suite id="s1-s2" name="Register" source="/home/savoness/palautus/viikko3/login-robot/src/tests/register.robot">
<test id="s1-s2-t1" name="Register With Valid Username And Password" line="6">
<kw name="Input New Command And Create User" type="SETUP">
<kw name="Input New Command" library="resource">
<kw name="Input" library="AppLibrary">
<arg>new</arg>
<status status="PASS" starttime="20231120 15:51:32.174" endtime="20231120 15:51:32.174"/>
</kw>
<status status="PASS" starttime="20231120 15:51:32.174" endtime="20231120 15:51:32.174"/>
</kw>
<kw name="Create User" library="AppLibrary">
<arg>kalle</arg>
<arg>kalle123</arg>
<status status="PASS" starttime="20231120 15:51:32.174" endtime="20231120 15:51:32.174"/>
</kw>
<status status="PASS" starttime="20231120 15:51:32.173" endtime="20231120 15:51:32.174"/>
</kw>
<kw name="Input Credentials" library="resource">
<arg>uusi</arg>
<arg>kalle123</arg>
<kw name="Input" library="AppLibrary">
<arg>${username}</arg>
<status status="PASS" starttime="20231120 15:51:32.174" endtime="20231120 15:51:32.174"/>
</kw>
<kw name="Input" library="AppLibrary">
<arg>${password}</arg>
<status status="PASS" starttime="20231120 15:51:32.174" endtime="20231120 15:51:32.174"/>
</kw>
<kw name="Run Application" library="AppLibrary">
<status status="PASS" starttime="20231120 15:51:32.174" endtime="20231120 15:51:32.174"/>
</kw>
<status status="PASS" starttime="20231120 15:51:32.174" endtime="20231120 15:51:32.174"/>
</kw>
<kw name="Output Should Contain" library="AppLibrary">
<arg>New user registered</arg>
<status status="PASS" starttime="20231120 15:51:32.175" endtime="20231120 15:51:32.175"/>
</kw>
<status status="PASS" starttime="20231120 15:51:32.173" endtime="20231120 15:51:32.175"/>
</test>
<test id="s1-s2-t2" name="Register With Already Taken Username And Valid Password" line="10">
<kw name="Input New Command And Create User" type="SETUP">
<kw name="Input New Command" library="resource">
<kw name="Input" library="AppLibrary">
<arg>new</arg>
<status status="PASS" starttime="20231120 15:51:32.175" endtime="20231120 15:51:32.175"/>
</kw>
<status status="PASS" starttime="20231120 15:51:32.175" endtime="20231120 15:51:32.175"/>
</kw>
<kw name="Create User" library="AppLibrary">
<arg>kalle</arg>
<arg>kalle123</arg>
<status status="PASS" starttime="20231120 15:51:32.175" endtime="20231120 15:51:32.176"/>
</kw>
<status status="PASS" starttime="20231120 15:51:32.175" endtime="20231120 15:51:32.176"/>
</kw>
<kw name="Input Credentials" library="resource">
<arg>kalle</arg>
<arg>kalle123</arg>
<kw name="Input" library="AppLibrary">
<arg>${username}</arg>
<status status="PASS" starttime="20231120 15:51:32.176" endtime="20231120 15:51:32.176"/>
</kw>
<kw name="Input" library="AppLibrary">
<arg>${password}</arg>
<status status="PASS" starttime="20231120 15:51:32.176" endtime="20231120 15:51:32.176"/>
</kw>
<kw name="Run Application" library="AppLibrary">
<status status="PASS" starttime="20231120 15:51:32.176" endtime="20231120 15:51:32.176"/>
</kw>
<status status="PASS" starttime="20231120 15:51:32.176" endtime="20231120 15:51:32.176"/>
</kw>
<kw name="Output Should Contain" library="AppLibrary">
<arg>User with username kalle already exists</arg>
<status status="PASS" starttime="20231120 15:51:32.176" endtime="20231120 15:51:32.176"/>
</kw>
<status status="PASS" starttime="20231120 15:51:32.175" endtime="20231120 15:51:32.177"/>
</test>
<test id="s1-s2-t3" name="Register With Too Short Username And Valid Password" line="14">
<kw name="Input New Command And Create User" type="SETUP">
<kw name="Input New Command" library="resource">
<kw name="Input" library="AppLibrary">
<arg>new</arg>
<status status="PASS" starttime="20231120 15:51:32.177" endtime="20231120 15:51:32.177"/>
</kw>
<status status="PASS" starttime="20231120 15:51:32.177" endtime="20231120 15:51:32.177"/>
</kw>
<kw name="Create User" library="AppLibrary">
<arg>kalle</arg>
<arg>kalle123</arg>
<status status="PASS" starttime="20231120 15:51:32.177" endtime="20231120 15:51:32.177"/>
</kw>
<status status="PASS" starttime="20231120 15:51:32.177" endtime="20231120 15:51:32.177"/>
</kw>
<kw name="Input Credentials" library="resource">
<arg>ka</arg>
<arg>kalle123</arg>
<kw name="Input" library="AppLibrary">
<arg>${username}</arg>
<status status="PASS" starttime="20231120 15:51:32.178" endtime="20231120 15:51:32.178"/>
</kw>
<kw name="Input" library="AppLibrary">
<arg>${password}</arg>
<status status="PASS" starttime="20231120 15:51:32.178" endtime="20231120 15:51:32.178"/>
</kw>
<kw name="Run Application" library="AppLibrary">
<status status="PASS" starttime="20231120 15:51:32.178" endtime="20231120 15:51:32.178"/>
</kw>
<status status="PASS" starttime="20231120 15:51:32.178" endtime="20231120 15:51:32.178"/>
</kw>
<kw name="Output Should Contain" library="AppLibrary">
<arg>Username invalid</arg>
<status status="PASS" starttime="20231120 15:51:32.178" endtime="20231120 15:51:32.178"/>
</kw>
<status status="PASS" starttime="20231120 15:51:32.177" endtime="20231120 15:51:32.178"/>
</test>
<test id="s1-s2-t4" name="Register With Enough Long But Invalid Username And Valid Password" line="18">
<kw name="Input New Command And Create User" type="SETUP">
<kw name="Input New Command" library="resource">
<kw name="Input" library="AppLibrary">
<arg>new</arg>
<status status="PASS" starttime="20231120 15:51:32.179" endtime="20231120 15:51:32.179"/>
</kw>
<status status="PASS" starttime="20231120 15:51:32.179" endtime="20231120 15:51:32.179"/>
</kw>
<kw name="Create User" library="AppLibrary">
<arg>kalle</arg>
<arg>kalle123</arg>
<status status="PASS" starttime="20231120 15:51:32.179" endtime="20231120 15:51:32.179"/>
</kw>
<status status="PASS" starttime="20231120 15:51:32.179" endtime="20231120 15:51:32.179"/>
</kw>
<kw name="Input Credentials" library="resource">
<arg>kalle123</arg>
<arg>kalle123</arg>
<kw name="Input" library="AppLibrary">
<arg>${username}</arg>
<status status="PASS" starttime="20231120 15:51:32.179" endtime="20231120 15:51:32.179"/>
</kw>
<kw name="Input" library="AppLibrary">
<arg>${password}</arg>
<status status="PASS" starttime="20231120 15:51:32.179" endtime="20231120 15:51:32.179"/>
</kw>
<kw name="Run Application" library="AppLibrary">
<status status="PASS" starttime="20231120 15:51:32.179" endtime="20231120 15:51:32.180"/>
</kw>
<status status="PASS" starttime="20231120 15:51:32.179" endtime="20231120 15:51:32.180"/>
</kw>
<kw name="Output Should Contain" library="AppLibrary">
<arg>Username invalid</arg>
<status status="PASS" starttime="20231120 15:51:32.180" endtime="20231120 15:51:32.180"/>
</kw>
<status status="PASS" starttime="20231120 15:51:32.178" endtime="20231120 15:51:32.180"/>
</test>
<test id="s1-s2-t5" name="Register With Valid Username And Too Short Password" line="22">
<kw name="Input New Command And Create User" type="SETUP">
<kw name="Input New Command" library="resource">
<kw name="Input" library="AppLibrary">
<arg>new</arg>
<status status="PASS" starttime="20231120 15:51:32.180" endtime="20231120 15:51:32.180"/>
</kw>
<status status="PASS" starttime="20231120 15:51:32.180" endtime="20231120 15:51:32.180"/>
</kw>
<kw name="Create User" library="AppLibrary">
<arg>kalle</arg>
<arg>kalle123</arg>
<status status="PASS" starttime="20231120 15:51:32.180" endtime="20231120 15:51:32.181"/>
</kw>
<status status="PASS" starttime="20231120 15:51:32.180" endtime="20231120 15:51:32.181"/>
</kw>
<kw name="Input Credentials" library="resource">
<arg>kalle</arg>
<arg>ka12</arg>
<kw name="Input" library="AppLibrary">
<arg>${username}</arg>
<status status="PASS" starttime="20231120 15:51:32.181" endtime="20231120 15:51:32.181"/>
</kw>
<kw name="Input" library="AppLibrary">
<arg>${password}</arg>
<status status="PASS" starttime="20231120 15:51:32.181" endtime="20231120 15:51:32.181"/>
</kw>
<kw name="Run Application" library="AppLibrary">
<status status="PASS" starttime="20231120 15:51:32.181" endtime="20231120 15:51:32.181"/>
</kw>
<status status="PASS" starttime="20231120 15:51:32.181" endtime="20231120 15:51:32.181"/>
</kw>
<kw name="Output Should Contain" library="AppLibrary">
<arg>Password invalid</arg>
<status status="PASS" starttime="20231120 15:51:32.181" endtime="20231120 15:51:32.181"/>
</kw>
<status status="PASS" starttime="20231120 15:51:32.180" endtime="20231120 15:51:32.181"/>
</test>
<test id="s1-s2-t6" name="Register With Valid Username And Long Enough Password Containing Only Letters" line="26">
<kw name="Input New Command And Create User" type="SETUP">
<kw name="Input New Command" library="resource">
<kw name="Input" library="AppLibrary">
<arg>new</arg>
<status status="PASS" starttime="20231120 15:51:32.182" endtime="20231120 15:51:32.182"/>
</kw>
<status status="PASS" starttime="20231120 15:51:32.182" endtime="20231120 15:51:32.182"/>
</kw>
<kw name="Create User" library="AppLibrary">
<arg>kalle</arg>
<arg>kalle123</arg>
<status status="PASS" starttime="20231120 15:51:32.182" endtime="20231120 15:51:32.182"/>
</kw>
<status status="PASS" starttime="20231120 15:51:32.182" endtime="20231120 15:51:32.182"/>
</kw>
<kw name="Input Credentials" library="resource">
<arg>maija</arg>
<arg>kakkeeishifdh</arg>
<kw name="Input" library="AppLibrary">
<arg>${username}</arg>
<status status="PASS" starttime="20231120 15:51:32.183" endtime="20231120 15:51:32.183"/>
</kw>
<kw name="Input" library="AppLibrary">
<arg>${password}</arg>
<status status="PASS" starttime="20231120 15:51:32.183" endtime="20231120 15:51:32.183"/>
</kw>
<kw name="Run Application" library="AppLibrary">
<status status="PASS" starttime="20231120 15:51:32.183" endtime="20231120 15:51:32.183"/>
</kw>
<status status="PASS" starttime="20231120 15:51:32.183" endtime="20231120 15:51:32.183"/>
</kw>
<kw name="Output Should Contain" library="AppLibrary">
<arg>Password invalid</arg>
<status status="PASS" starttime="20231120 15:51:32.183" endtime="20231120 15:51:32.183"/>
</kw>
<status status="PASS" starttime="20231120 15:51:32.181" endtime="20231120 15:51:32.183"/>
</test>
<status status="PASS" starttime="20231120 15:51:32.172" endtime="20231120 15:51:32.183"/>
</suite>
<status status="PASS" starttime="20231120 15:51:32.153" endtime="20231120 15:51:32.184"/>
</suite>
<statistics>
<total>
<stat pass="9" fail="0" skip="0">All Tests</stat>
</total>
<tag>
</tag>
<suite>
<stat pass="9" fail="0" skip="0" id="s1" name="Tests">Tests</stat>
<stat pass="3" fail="0" skip="0" id="s1-s1" name="Login">Tests.Login</stat>
<stat pass="6" fail="0" skip="0" id="s1-s2" name="Register">Tests.Register</stat>
</suite>
</statistics>
<errors>
</errors>
</robot>
